<?xml version="1.0" encoding="UTF-8"?>
<!-- Generated by org.testng.reporters.JUnitReportReporter -->
<testsuite hostname="360NDCPC038" name="practice.ExtentReportDemo" tests="1" failures="0" timestamp="7 May 2018 07:07:09 GMT" time="4.100" errors="0">
  <testcase name="methodName" time="4.100" classname="practice.ExtentReportDemo"/>
</testsuite> <!-- practice.ExtentReportDemo -->
