<?xml version="1.0" encoding="UTF-8"?>
<!-- Generated by org.testng.reporters.JUnitReportReporter -->
<testsuite hostname="360NDCPC038" name="practice.Test2" tests="1" failures="0" timestamp="24 May 2018 07:41:54 GMT" time="0.004" errors="0">
  <testcase name="methodName" time="0.004" classname="practice.Test2"/>
</testsuite> <!-- practice.Test2 -->
